C:\Program Files (x86)\MSBuild\Microsoft.Cpp\v4.0\V120\Microsoft.CppBuild.targets(388,5): warning MSB8028: The intermediate directory (Debug\) contains files shared from another project (HelloOpenGL_02.vcxproj, Shooter.vcxproj).  This can lead to incorrect clean and rebuild behavior.
  glad.c
  texture.cpp
  stb_image.cpp
  sprite_renderer.cpp
  shader.cpp
  resource_manager.cpp
  main.cpp
c:\users\yuhuachang\desktop\余华昌-张伊凯-张枫-王禹力-计算机图形学大作业\codes\helloopengl_02\fps_camera.h(133): warning C4244: “初始化”: 从“float”转换到“int”，可能丢失数据
c:\users\yuhuachang\desktop\余华昌-张伊凯-张枫-王禹力-计算机图形学大作业\codes\helloopengl_02\fps_camera.h(134): warning C4244: “=”: 从“double”转换到“float”，可能丢失数据
c:\users\yuhuachang\desktop\余华昌-张伊凯-张枫-王禹力-计算机图形学大作业\codes\helloopengl_02\fps_camera.h(139): warning C4244: “初始化”: 从“float”转换到“int”，可能丢失数据
c:\users\yuhuachang\desktop\余华昌-张伊凯-张枫-王禹力-计算机图形学大作业\codes\helloopengl_02\fps_camera.h(140): warning C4244: “初始化”: 从“float”转换到“int”，可能丢失数据
c:\users\yuhuachang\desktop\余华昌-张伊凯-张枫-王禹力-计算机图形学大作业\codes\helloopengl_02\main.cpp(25): warning C4305: “初始化”: 从“double”到“const float”截断
c:\users\yuhuachang\desktop\余华昌-张伊凯-张枫-王禹力-计算机图形学大作业\codes\helloopengl_02\main.cpp(177): warning C4244: “=”: 从“float”转换到“int”，可能丢失数据
c:\users\yuhuachang\desktop\余华昌-张伊凯-张枫-王禹力-计算机图形学大作业\codes\helloopengl_02\main.cpp(178): warning C4244: “=”: 从“float”转换到“int”，可能丢失数据
c:\users\yuhuachang\desktop\余华昌-张伊凯-张枫-王禹力-计算机图形学大作业\codes\helloopengl_02\main.cpp(267): warning C4244: “=”: 从“float”转换到“int”，可能丢失数据
c:\users\yuhuachang\desktop\余华昌-张伊凯-张枫-王禹力-计算机图形学大作业\codes\helloopengl_02\main.cpp(268): warning C4244: “=”: 从“float”转换到“int”，可能丢失数据
c:\users\yuhuachang\desktop\余华昌-张伊凯-张枫-王禹力-计算机图形学大作业\codes\helloopengl_02\main.cpp(288): warning C4244: “初始化”: 从“double”转换到“float”，可能丢失数据
c:\users\yuhuachang\desktop\余华昌-张伊凯-张枫-王禹力-计算机图形学大作业\codes\helloopengl_02\main.cpp(291): warning C4244: “初始化”: 从“double”转换到“float”，可能丢失数据
c:\users\yuhuachang\desktop\余华昌-张伊凯-张枫-王禹力-计算机图形学大作业\codes\helloopengl_02\main.cpp(307): warning C4244: “=”: 从“double”转换到“float”，可能丢失数据
c:\users\yuhuachang\desktop\余华昌-张伊凯-张枫-王禹力-计算机图形学大作业\codes\helloopengl_02\main.cpp(308): warning C4244: “=”: 从“double”转换到“float”，可能丢失数据
c:\users\yuhuachang\desktop\余华昌-张伊凯-张枫-王禹力-计算机图形学大作业\codes\helloopengl_02\main.cpp(363): warning C4244: “=”: 从“double”转换到“float”，可能丢失数据
c:\users\yuhuachang\desktop\余华昌-张伊凯-张枫-王禹力-计算机图形学大作业\codes\helloopengl_02\main.cpp(364): warning C4244: “=”: 从“double”转换到“float”，可能丢失数据
c:\users\yuhuachang\desktop\余华昌-张伊凯-张枫-王禹力-计算机图形学大作业\codes\helloopengl_02\main.cpp(367): warning C4244: “初始化”: 从“double”转换到“float”，可能丢失数据
c:\users\yuhuachang\desktop\余华昌-张伊凯-张枫-王禹力-计算机图形学大作业\codes\helloopengl_02\main.cpp(368): warning C4244: “初始化”: 从“double”转换到“float”，可能丢失数据
c:\users\yuhuachang\desktop\余华昌-张伊凯-张枫-王禹力-计算机图形学大作业\codes\helloopengl_02\main.cpp(369): warning C4244: “=”: 从“double”转换到“float”，可能丢失数据
c:\users\yuhuachang\desktop\余华昌-张伊凯-张枫-王禹力-计算机图形学大作业\codes\helloopengl_02\main.cpp(370): warning C4244: “=”: 从“double”转换到“float”，可能丢失数据
c:\users\yuhuachang\desktop\余华昌-张伊凯-张枫-王禹力-计算机图形学大作业\codes\helloopengl_02\main.cpp(402): warning C4244: “参数”: 从“double”转换到“float”，可能丢失数据
  正在生成代码...
LINK : warning LNK4098: 默认库“MSVCRT”与其他库的使用冲突；请使用 /NODEFAULTLIB:library
  HelloOpenGL_02.vcxproj -> C:\Users\yuhuachang\Desktop\余华昌-张伊凯-张枫-王禹力-计算机图形学大作业\codes\Debug\MiniCS.exe
